<?xml version="1.0" encoding="UTF-8"?>
<!-- Generated by org.testng.reporters.JUnitXMLReporter -->
<testsuite ignored="2" hostname="TYSS-Yogita" failures="1" tests="2" name="Test" time="2.791" errors="0" timestamp="2023-05-19T17:43:36 IST">
  <testcase classname="generic.Base_Test" name="@BeforeClass browserSetup" time="1.208">
    <failure type="java.lang.NullPointerException" message="Cannot invoke &amp;quot;com.relevantcodes.extentreports.ExtentTest.log(com.relevantcodes.extentreports.LogStatus, String)&amp;quot; because &amp;quot;generic.Base_Test.test&amp;quot; is null">
      <![CDATA[java.lang.NullPointerException: Cannot invoke "com.relevantcodes.extentreports.ExtentTest.log(com.relevantcodes.extentreports.LogStatus, String)" because "generic.Base_Test.test" is null
at generic.Base_Test.browserSetup(Base_Test.java:54)
at java.base/java.util.ArrayList.forEach(ArrayList.java:1511)
... Removed 25 stack frames]]>
    </failure>
  </testcase> <!-- @BeforeClass browserSetup -->
  <testcase classname="generic.Base_Test" name="@AfterClass CloseApp" time="0.278">
    <failure type="java.lang.NullPointerException" message="Cannot invoke &amp;quot;com.relevantcodes.extentreports.ExtentTest.log(com.relevantcodes.extentreports.LogStatus, String)&amp;quot; because &amp;quot;generic.Base_Test.test&amp;quot; is null">
      <![CDATA[java.lang.NullPointerException: Cannot invoke "com.relevantcodes.extentreports.ExtentTest.log(com.relevantcodes.extentreports.LogStatus, String)" because "generic.Base_Test.test" is null
at generic.Base_Test.CloseApp(Base_Test.java:88)
at java.base/java.util.ArrayList.forEach(ArrayList.java:1511)
... Removed 25 stack frames]]>
    </failure>
  </testcase> <!-- @AfterClass CloseApp -->
  <testcase classname="generic.Base_Test" name="@BeforeClass browserSetup" time="0.637">
    <failure type="java.lang.NullPointerException" message="Cannot invoke &amp;quot;com.relevantcodes.extentreports.ExtentTest.log(com.relevantcodes.extentreports.LogStatus, String)&amp;quot; because &amp;quot;generic.Base_Test.test&amp;quot; is null">
      <![CDATA[java.lang.NullPointerException: Cannot invoke "com.relevantcodes.extentreports.ExtentTest.log(com.relevantcodes.extentreports.LogStatus, String)" because "generic.Base_Test.test" is null
at generic.Base_Test.browserSetup(Base_Test.java:54)
at java.base/java.util.ArrayList.forEach(ArrayList.java:1511)
... Removed 25 stack frames]]>
    </failure>
  </testcase> <!-- @BeforeClass browserSetup -->
  <testcase classname="generic.Base_Test" name="@AfterClass CloseApp" time="0.233">
    <failure type="java.lang.NullPointerException" message="Cannot invoke &amp;quot;com.relevantcodes.extentreports.ExtentTest.log(com.relevantcodes.extentreports.LogStatus, String)&amp;quot; because &amp;quot;generic.Base_Test.test&amp;quot; is null">
      <![CDATA[java.lang.NullPointerException: Cannot invoke "com.relevantcodes.extentreports.ExtentTest.log(com.relevantcodes.extentreports.LogStatus, String)" because "generic.Base_Test.test" is null
at generic.Base_Test.CloseApp(Base_Test.java:88)
at java.base/java.util.ArrayList.forEach(ArrayList.java:1511)
... Removed 25 stack frames]]>
    </failure>
  </testcase> <!-- @AfterClass CloseApp -->
  <testcase classname="test_Scripts.TestScript1" name="testScript1" time="0.0">
    <skipped/>
  </testcase> <!-- testScript1 -->
  <testcase classname="test_Scripts.RegisterTest" name="registerTest" time="0.0">
    <failure type="org.testng.TestNGException" message="
Method public void test_Scripts.RegisterTest.registerTest(java.lang.String,java.lang.String) requires a @DataProvider named : register">
      <![CDATA[org.testng.TestNGException: 
Method public void test_Scripts.RegisterTest.registerTest(java.lang.String,java.lang.String) requires a @DataProvider named : register
at java.base/java.util.ArrayList.forEach(ArrayList.java:1511)
... Removed 24 stack frames]]>
    </failure>
  </testcase> <!-- registerTest -->
  <testcase classname="generic.Base_Test" name="@BeforeSuite beforeSuit" time="0.0">
    <ignored/>
  </testcase> <!-- @BeforeSuite beforeSuit -->
  <testcase classname="generic.Base_Test" name="@AfterSuite afterSuite" time="0.0">
    <ignored/>
  </testcase> <!-- @AfterSuite afterSuite -->
</testsuite> <!-- Test -->
